<?xml version="1.0" encoding="UTF-8"?>
<!-- Generated by org.testng.reporters.JUnitReportReporter -->
<testsuite hostname="Nav" name="com.TestScripts.TestAmazon" tests="1" failures="0" timestamp="14 Jan 2020 08:39:52 GMT" time="123.740" errors="0">
  <testcase name="case_101" time="123.740" classname="com.TestScripts.TestAmazon"/>
</testsuite> <!-- com.TestScripts.TestAmazon -->
